<?xml version="1.0" encoding="UTF-8"?>
<!-- Generated by org.testng.reporters.JUnitReportReporter -->
<testsuite skipped="0" hostname="WIN-GEDESCREUP8" name="runnerPackage.TestRunner" tests="1" failures="0" timestamp="25 Feb 2018 17:23:21 GMT" time="0.000" errors="0">
  <testcase name="f" time="0.000" classname="runnerPackage.TestRunner"/>
</testsuite> <!-- runnerPackage.TestRunner -->
